<?xml version="1.0" encoding="UTF-8"?>
<!-- Generated by org.testng.reporters.JUnitReportReporter -->
<testsuite skipped="0" hostname="accdeviosca0316" name="qaclickacademy.RestAPITest" tests="2" failures="0" timestamp="2022-02-01T14:03:09 CST" time="0.001" errors="0">
  <testcase name="PostJira" time="0.000" classname="qaclickacademy.RestAPITest"/>
  <system-out/>
  <testcase name="deleteTwitter" time="0.001" classname="qaclickacademy.RestAPITest"/>
  <system-out/>
</testsuite> <!-- qaclickacademy.RestAPITest -->
