<?xml version="1.0" encoding="UTF-8"?>
<!-- Generated by org.testng.reporters.JUnitReportReporter -->
<testsuite skipped="0" hostname="accdeviosca0316" name="qaclickacademy.AppiumTest" tests="2" failures="0" timestamp="2022-02-01T14:03:45 CST" time="0.009" errors="0">
  <testcase name="Android" time="0.009" classname="qaclickacademy.AppiumTest"/>
  <system-out/>
  <testcase name="Ios" time="0.000" classname="qaclickacademy.AppiumTest"/>
  <system-out/>
</testsuite> <!-- qaclickacademy.AppiumTest -->
